Microsoft (R) Macro Assembler Version 14.24.28316.0	    12/17/20 09:18:01
func2.asm						     Page 1 - 1


				.386
				.MODEL flat, C 
 00000000			.CODE 
 00000000			func2 PROC C one_step_intervals_dist : ptr dword, left_borders : ptr dword, dist : ptr dword, x_min : dword, x_max : dword 
 00000003  8B 45 14		mov eax, x_min; Инициализация переменных 
 00000006  BB 00000000		mov ebx, 0; 
 0000000B  B9 00000000		mov ecx, 0; 
 00000010  8B 7D 10		mov edi, dist; 
 00000013  8B 55 0C		mov edx, left_borders; 
 00000016  8B 75 08		mov esi, one_step_intervals_dist; 
 00000019			start_func2: 
				; Начало обработки 
 00000019  3B 02		cmp eax, dword ptr [edx]; Проверяет, нужно ли перейти на другой интервал. 
 0000001B  7D 0E		jge stuff; 
 0000001D  8B 1C 8E		mov ebx, dword ptr [esi+ecx*4]; 
 00000020  01 1F		add dword ptr [edi], ebx; Увеличиваем счетчик интервала. 
				; Увеличиваем переменные цикла 
 00000022  41			inc ecx; 
 00000023  40			inc eax; 
 00000024  3B 45 18		cmp eax, x_max; 
 00000027  7E F0		jle start_func2; 
 00000029  EB 08		jmp to_end; 
 0000002B			stuff: 
 0000002B  83 C7 04		add edi, 4; Меняет интервал 
 0000002E  83 C2 04		add edx, 4; 
 00000031  EB E6		jmp start_func2; возвращается 
 00000033			to_end: 
				ret 
 00000035			func2 ENDP 
				end 
Microsoft (R) Macro Assembler Version 14.24.28316.0	    12/17/20 09:18:01
func2.asm						     Symbols 2 - 1




Segments and Groups:

                N a m e                 Size     Length   Align   Combine Class

FLAT . . . . . . . . . . . . . .	GROUP
_DATA  . . . . . . . . . . . . .	32 Bit	 00000000 DWord	  Public  'DATA'	
_TEXT  . . . . . . . . . . . . .	32 Bit	 00000035 DWord	  Public  'CODE'	


Procedures, parameters, and locals:

                N a m e                 Type     Value    Attr

func2  . . . . . . . . . . . . .	P Near	 00000000 _TEXT	Length= 00000035 Public C
  one_step_intervals_dist  . . .	DWord	 bp + 00000008
  left_borders . . . . . . . . .	DWord	 bp + 0000000C
  dist . . . . . . . . . . . . .	DWord	 bp + 00000010
  x_min  . . . . . . . . . . . .	DWord	 bp + 00000014
  x_max  . . . . . . . . . . . .	DWord	 bp + 00000018
  start_func2  . . . . . . . . .	L Near	 00000019 _TEXT	
  stuff  . . . . . . . . . . . .	L Near	 0000002B _TEXT	
  to_end . . . . . . . . . . . .	L Near	 00000033 _TEXT	


Symbols:

                N a m e                 Type     Value    Attr

@CodeSize  . . . . . . . . . . .	Number	 00000000h   
@DataSize  . . . . . . . . . . .	Number	 00000000h   
@Interface . . . . . . . . . . .	Number	 00000001h   
@Model . . . . . . . . . . . . .	Number	 00000007h   
@code  . . . . . . . . . . . . .	Text   	 _TEXT
@data  . . . . . . . . . . . . .	Text   	 FLAT
@fardata?  . . . . . . . . . . .	Text   	 FLAT
@fardata . . . . . . . . . . . .	Text   	 FLAT
@stack . . . . . . . . . . . . .	Text   	 FLAT

	   0 Warnings
	   0 Errors
