Microsoft (R) Macro Assembler Version 5.10                  2/5/21 16:15:26

                                                             Page     1-1


 = 0024				EOL EQU '$'
 = 0002				ind EQU 2
 = 01F4				n1 EQU 500
 =-0032				n2 EQU -50
 0000				AStack 	SEGMENT STACK
 0000  000C[				DW 12 DUP(?)
	   ????			
			 ]	
				
 0018				AStack 	ENDS
 0000				DATA 	SEGMENT
 0000  0000			mem1 	DW 0
 0002  0000			mem2 	DW 0
 0004  0000			mem3 	DW 0
 0006  15 16 17 18 1C 1B	vec1 	DB 21,22,23,24,28,27,26,25
       1A 19			
 000E  28 32 D8 CE 14 1E	vec2 	DB 40,50,-40,-50,20,30,-20,-30
       EC E2			
 0016  05 06 F8 F9 07 08	matr 	DB 5,6,-8,-7,7,8,-6,-5,1,2,-4,-3,3,4,-2
				,-1
       FA FB 01 02 FC FD	
       03 04 FE FF		
 0026				DATA 	ENDS
 0000				CODE 	SEGMENT
				ASSUME 	CS:CODE, DS:DATA, SS:AStack
 0000				Main	PROC FAR
 0000  1E				push DS
 0001  2B C0				sub AX,AX
 0003  50				push AX
 0004  B8 ---- R			mov AX,DATA
 0007  8E D8				mov DS,AX
				; Регистровая адресация
 0009  B8 01F4				mov ax,n1
 000C  8B C8				mov cx,ax
 000E  B3 24				mov bl,EOL
 0010  B7 CE				mov bh,n2
				; Прямая адресация
 0012  C7 06 0002 R FFCE		mov mem2,n2
 0018  BB 0006 R			mov bx,OFFSET vec1
 001B  A3 0000 R			mov mem1,ax
				; Косвенная адресация
 001E  8A 07				mov al,[bx]
					;mov mem3,[bx]
				; Базированная адресация
					6mov al,[bx]+3
lr2_comp.asm(37): warning A4001: Extra characters on line
 0020  8B 4F 03				mov cx,3[bx]
				; Индексная адресация
 0023  BF 0002				mov di,ind
 0026  8A 85 000E R			mov al,vec2[di]
 002A  8B 8D 000E R			mov cx,vec2[di]
lr2_comp.asm(42): warning A4031: Operand types must match
				; Адресация с базированием и индексированием
 002E  BB 0003				mov bx,3
 0031  8A 81 0016 R			mov al,matr[bx][di]
 0035  8B 89 0016 R			mov cx,matr[bx][di]
lr2_comp.asm(46): warning A4031: Operand types must match
Microsoft (R) Macro Assembler Version 5.10                  2/5/21 16:15:26

                                                             Page     1-2


					;mov ax,matr[bx*4][di]
				; ПРОВЕРКА РЕЖИМОВ АДРЕСАЦИИ С УЧЕТОМ СЕГМЕНТОВ
				; Переопределение сегмента
				; ------ вариант 1
 0039  B8 ---- R			mov ax, SEG vec2
 003C  8E C0				mov es, ax
 003E  26: 8B 07			mov ax, es:[bx]
 0041  B8 0000				mov ax, 0
				; ------ вариант 2
 0044  8E C0				mov es, ax
 0046  1E				push ds
 0047  07				pop es
 0048  26: 8B 4F FF			mov cx, es:[bx-1]
 004C  91				xchg cx,ax
				; ------ вариант 3
 004D  BF 0002				mov di,ind
 0050  26: 89 01			mov es:[bx+di],ax
				; ------ вариант 4
 0053  8B EC				mov bp,sp
					;mov ax,matr[bp+bx]
					;mov ax,matr[bp+di+si]
				; Использование сегмента стека
 0055  FF 36 0000 R			push mem1
 0059  FF 36 0002 R			push mem2
 005D  8B EC				mov bp,sp
 005F  8B 56 02				mov dx,[bp]+2
 0062  CA 0002				ret 2
 0065				Main	ENDP
 0065				CODE	ENDS
				END Main
Microsoft (R) Macro Assembler Version 5.10                  2/5/21 16:15:26

                                                             Symbols-1


Segments and Groups:

                N a m e         	Length	 Align	Combine Class

ASTACK . . . . . . . . . . . . .  	0018	PARA	STACK	
CODE . . . . . . . . . . . . . .  	0065	PARA	NONE	
DATA . . . . . . . . . . . . . .  	0026	PARA	NONE	

Symbols:            

                N a m e         	Type	 Value	 Attr

EOL  . . . . . . . . . . . . . .  	NUMBER	0024	

IND  . . . . . . . . . . . . . .  	NUMBER	0002	

MAIN . . . . . . . . . . . . . .  	F PROC	0000	CODE	Length = 0065
MATR . . . . . . . . . . . . . .  	L BYTE	0016	DATA
MEM1 . . . . . . . . . . . . . .  	L WORD	0000	DATA
MEM2 . . . . . . . . . . . . . .  	L WORD	0002	DATA
MEM3 . . . . . . . . . . . . . .  	L WORD	0004	DATA

N1 . . . . . . . . . . . . . . .  	NUMBER	01F4	
N2 . . . . . . . . . . . . . . .  	NUMBER	-0032	

VEC1 . . . . . . . . . . . . . .  	L BYTE	0006	DATA
VEC2 . . . . . . . . . . . . . .  	L BYTE	000E	DATA

@CPU . . . . . . . . . . . . . .  	TEXT  0101h		
@FILENAME  . . . . . . . . . . .  	TEXT  lr2_comp		
@VERSION . . . . . . . . . . . .  	TEXT  510		


     76 Source  Lines
     76 Total   Lines
     19 Symbols

  47800 + 461507 Bytes symbol space free

      3 Warning Errors
      0 Severe  Errors
